[2016-09-14T22:01:34+01:00] INFO: Started chef-zero at chefzero://localhost:8889 with repository at /root
  One version per cookbook

[2016-09-14T22:01:34+01:00] INFO: Forking chef instance to converge...
[2016-09-14T22:01:35+01:00] INFO: *** Chef 12.14.60 ***
[2016-09-14T22:01:35+01:00] INFO: Platform: x86_64-linux
[2016-09-14T22:01:35+01:00] INFO: Chef-client pid: 5393
[2016-09-14T22:01:38+01:00] INFO: Setting the run_list to recipe[jboss::default] from CLI options
[2016-09-14T22:01:38+01:00] INFO: Run List is [recipe[jboss::default]]
[2016-09-14T22:01:38+01:00] INFO: Run List expands to [jboss::default]
[2016-09-14T22:01:38+01:00] INFO: Starting Chef Run for chef-master
[2016-09-14T22:01:38+01:00] INFO: Running start handlers
[2016-09-14T22:01:38+01:00] INFO: Start handlers complete.
[2016-09-14T22:01:38+01:00] INFO: HTTP Request Returned 404 Not Found: Object not found: 
[2016-09-14T22:01:38+01:00] INFO: Loading cookbooks [jboss@0.1.0, java@1.42.0, apt@4.0.2, windows@2.0.2, homebrew@2.1.2, compat_resource@12.14.3, build-essential@6.0.5, seven_zip@2.0.2, mingw@1.2.4]
[2016-09-14T22:01:38+01:00] WARN: Chef::Provider::AptRepository already exists!  Cannot create deprecation class for LWRP provider apt_repository from cookbook apt
[2016-09-14T22:01:38+01:00] WARN: AptRepository already exists!  Deprecation class overwrites Custom resource apt_repository from cookbook apt
[2016-09-14T22:01:38+01:00] INFO: Processing log[jdk-version-changed] action nothing (java::notify line 29)
[2016-09-14T22:01:38+01:00] INFO: Processing ruby_block[set-env-java-home] action run (java::set_java_home line 19)
[2016-09-14T22:01:38+01:00] INFO: Processing directory[/etc/profile.d] action create (java::set_java_home line 26)
[2016-09-14T22:01:38+01:00] INFO: Processing template[/etc/profile.d/jdk.sh] action create (java::set_java_home line 30)
[2016-09-14T22:01:38+01:00] INFO: Processing yum_package[tar] action install (java::oracle line 55)
[2016-09-14T22:01:40+01:00] INFO: Processing java_ark[jdk] action install (java::oracle line 59)
[2016-09-14T22:01:40+01:00] INFO: Processing java_alternatives[set-java-alternatives] action set (/root/.chef/cookbooks/java/providers/ark.rb line 220)
[2016-09-14T22:01:44+01:00] INFO: Processing yum_package[install unzip] action install (jboss::default line 14)
[2016-09-14T22:01:44+01:00] INFO: Processing linux_user[jboss] action create (jboss::default line 18)
[2016-09-14T22:01:44+01:00] INFO: Processing directory[/opt/jboss] action create (jboss::default line 25)
[2016-09-14T22:01:44+01:00] INFO: Processing remote_file[/opt/jboss/jboss-5.1.0.GA.zip] action create (jboss::default line 33)
[2016-09-14T22:01:44+01:00] INFO: Processing execute[unpack jboss] action run (jboss::default line 41)
[2016-09-14T22:01:44+01:00] INFO: Processing remote_file[/tmp/testweb.zip] action create (jboss::default line 48)
[2016-09-14T22:01:44+01:00] INFO: Processing execute[unpack testapp] action run (jboss::default line 53)
[2016-09-14T22:01:44+01:00] INFO: Processing template[/etc/init.d/jboss] action create (jboss::default line 60)
[2016-09-14T22:01:44+01:00] INFO: Processing execute[chown] action run (jboss::default line 73)
[2016-09-14T22:01:44+01:00] INFO: execute[chown] ran successfully
[2016-09-14T22:01:44+01:00] INFO: Processing execute[+x script files] action run (jboss::default line 78)
[2016-09-14T22:01:44+01:00] INFO: execute[+x script files] ran successfully
[2016-09-14T22:01:44+01:00] INFO: Processing service[jboss] action enable (jboss::default line 83)
[2016-09-14T22:01:44+01:00] INFO: Processing service[jboss] action start (jboss::default line 83)
[2016-09-14T22:01:45+01:00] INFO: service[jboss] started
[2016-09-14T22:01:45+01:00] INFO: Chef Run complete in 7.007424378 seconds
[2016-09-14T22:01:45+01:00] INFO: Running report handlers
[2016-09-14T22:01:45+01:00] INFO: Report handlers complete
